<?xml version="1.0" encoding="UTF-8"?>
<!-- Generated by org.testng.reporters.JUnitXMLReporter -->
<testsuite ignored="3" hostname="Saipavan" failures="2" tests="6" name="ParameterAndIncludeGrp" time="0.386" errors="0" timestamp="2020-07-03T03:55:57 IST">
  <testcase classname="com.testexecution.java.CalculatortestNgparameter" name="Add" time="0.054"/>
  <testcase classname="com.testexecution.java.CalculatortestNgparameter" name="Modulus" time="0.011"/>
  <testcase classname="com.testexecution.java.CalculatortestNgparameter" name="Multiplication" time="0.007">
    <failure type="java.lang.AssertionError" message="expected [512] but found [18]">
      <![CDATA[java.lang.AssertionError: expected [512] but found [18]
at com.testexecution.java.CalculatortestNgparameter.Multiplication(CalculatortestNgparameter.java:105)
at java.base/java.util.concurrent.ThreadPoolExecutor.runWorker(ThreadPoolExecutor.java:1128)
at java.base/java.util.concurrent.ThreadPoolExecutor$Worker.run(ThreadPoolExecutor.java:628)
at java.base/java.lang.Thread.run(Thread.java:830)
... Removed 17 stack frames]]>
    </failure>
  </testcase> <!-- Multiplication -->
  <testcase classname="com.testexecution.java.CalculatortestNgparameter" name="Negate" time="0.019">
    <failure type="java.lang.AssertionError" message="expected [true] but found [false]">
      <![CDATA[java.lang.AssertionError: expected [true] but found [false]
at com.testexecution.java.CalculatortestNgparameter.Negate(CalculatortestNgparameter.java:135)
at java.base/java.util.concurrent.ThreadPoolExecutor.runWorker(ThreadPoolExecutor.java:1128)
at java.base/java.util.concurrent.ThreadPoolExecutor$Worker.run(ThreadPoolExecutor.java:628)
at java.base/java.lang.Thread.run(Thread.java:830)
... Removed 16 stack frames]]>
    </failure>
  </testcase> <!-- Negate -->
  <testcase classname="com.testexecution.java.CalculatortestNgparameter" name="Powerof" time="0.01"/>
  <testcase classname="com.testexecution.java.CalculatortestNgparameter" name="Sub" time="0.009"/>
  <testcase classname="com.testexecution.java.CalculatortestNgparameter" name="Powerof1" time="0.0">
    <ignored/>
  </testcase> <!-- Powerof1 -->
  <testcase classname="com.testexecution.java.CalculatortestNgparameter" name="invert" time="0.0">
    <ignored/>
  </testcase> <!-- invert -->
  <testcase classname="com.testexecution.java.CalculatortestNgparameter" name="division" time="0.0">
    <ignored/>
  </testcase> <!-- division -->
</testsuite> <!-- ParameterAndIncludeGrp -->
