<html>
<head>
<title>TestNG:  ParellelExecution</title>
<link href="../testng.css" rel="stylesheet" type="text/css" />
<link href="../my-testng.css" rel="stylesheet" type="text/css" />

<style type="text/css">
.log { display: none;} 
.stack-trace { display: none;} 
</style>
<script type="text/javascript">
<!--
function flip(e) {
  current = e.style.display;
  if (current == 'block') {
    e.style.display = 'none';
    return 0;
  }
  else {
    e.style.display = 'block';
    return 1;
  }
}

function toggleBox(szDivId, elem, msg1, msg2)
{
  var res = -1;  if (document.getElementById) {
    res = flip(document.getElementById(szDivId));
  }
  else if (document.all) {
    // this is the way old msie versions work
    res = flip(document.all[szDivId]);
  }
  if(elem) {
    if(res == 0) elem.innerHTML = msg1; else elem.innerHTML = msg2;
  }

}

function toggleAllBoxes() {
  if (document.getElementsByTagName) {
    d = document.getElementsByTagName('div');
    for (i = 0; i < d.length; i++) {
      if (d[i].className == 'log') {
        flip(d[i]);
      }
    }
  }
}

// -->
</script>

</head>
<body>
<h2 align='center'>ParellelExecution</h2><table border='1' align="center">
<tr>
<td>Tests passed/Failed/Skipped:</td><td>6/3/0</td>
</tr><tr>
<td>Started on:</td><td>Fri Jul 03 03:55:58 IST 2020</td>
</tr>
<tr><td>Total time:</td><td>0 seconds (116 ms)</td>
</tr><tr>
<td>Included groups:</td><td></td>
</tr><tr>
<td>Excluded groups:</td><td></td>
</tr>
</table><p/>
<small><i>(Hover the method name to see the test class name)</i></small><p/>
<table width='100%' border='1' class='invocation-failed'>
<tr><td colspan='4' align='center'><b>FAILED TESTS</b></td></tr>
<tr><td><b>Test method</b></td>
<td width="30%"><b>Exception</b></td>
<td width="10%"><b>Time (seconds)</b></td>
<td><b>Instance</b></td>
</tr>
<tr>
<td title='com.testexecution.java.CalcParellel2.Modulus()'><b>Modulus</b><br>Test class: com.testexecution.java.CalcParellel2<br/>
<a href="#Output-1154451559" onClick='toggleBox("Output-1154451559", this, "Show output", "Hide output");'>Show output</a>

<a href="#Output-1154451559" onClick="toggleAllBoxes();">Show all outputs</a>
<div class='log' id="Output-1154451559">
Modulus  Function executed  3<br/>
</div>
</td>
<td><div><pre>java.lang.AssertionError: did not expect [3] but found [3]
	at com.testexecution.java.CalcParellel2.Modulus(CalcParellel2.java:32)
	at java.base/java.util.concurrent.ThreadPoolExecutor.runWorker(ThreadPoolExecutor.java:1128)
	at java.base/java.util.concurrent.ThreadPoolExecutor$Worker.run(ThreadPoolExecutor.java:628)
	at java.base/java.lang.Thread.run(Thread.java:830)
... Removed 15 stack frames</pre></div><a href='#' onClick='toggleBox("stack-trace1154451559", this, "Click to show all stack frames", "Click to hide stack frames")'>Click to show all stack frames</a>
<div class='stack-trace' id='stack-trace1154451559'><pre>java.lang.AssertionError: did not expect [3] but found [3]
	at org.testng.Assert.fail(Assert.java:97)
	at org.testng.Assert.assertNotEquals(Assert.java:1404)
	at org.testng.Assert.assertNotEquals(Assert.java:1409)
	at com.testexecution.java.CalcParellel2.Modulus(CalcParellel2.java:32)
	at java.base/jdk.internal.reflect.NativeMethodAccessorImpl.invoke0(Native Method)
	at java.base/jdk.internal.reflect.NativeMethodAccessorImpl.invoke(NativeMethodAccessorImpl.java:62)
	at java.base/jdk.internal.reflect.DelegatingMethodAccessorImpl.invoke(DelegatingMethodAccessorImpl.java:43)
	at java.base/java.lang.reflect.Method.invoke(Method.java:567)
	at org.testng.internal.MethodInvocationHelper.invokeMethod(MethodInvocationHelper.java:135)
	at org.testng.internal.TestInvoker.invokeMethod(TestInvoker.java:598)
	at org.testng.internal.TestInvoker.invokeTestMethod(TestInvoker.java:174)
	at org.testng.internal.MethodRunner.runInSequence(MethodRunner.java:46)
	at org.testng.internal.TestInvoker$MethodInvocationAgent.invoke(TestInvoker.java:821)
	at org.testng.internal.TestInvoker.invokeTestMethods(TestInvoker.java:147)
	at org.testng.internal.TestMethodWorker.invokeTestMethods(TestMethodWorker.java:146)
	at org.testng.internal.TestMethodWorker.run(TestMethodWorker.java:128)
	at java.base/java.util.concurrent.ThreadPoolExecutor.runWorker(ThreadPoolExecutor.java:1128)
	at java.base/java.util.concurrent.ThreadPoolExecutor$Worker.run(ThreadPoolExecutor.java:628)
	at java.base/java.lang.Thread.run(Thread.java:830)
</pre></div></td>
<td>0</td>
<td>com.testexecution.java.CalcParellel2@43301423</td></tr>
<tr>
<td title='com.testexecution.java.CalcParellel1.div()'><b>div</b><br>Test class: com.testexecution.java.CalcParellel1<br/>
<a href="#Output-1938338414" onClick='toggleBox("Output-1938338414", this, "Show output", "Hide output");'>Show output</a>

<a href="#Output-1938338414" onClick="toggleAllBoxes();">Show all outputs</a>
<div class='log' id="Output-1938338414">
Division Function executed  22.0<br/>
</div>
</td>
<td><div><pre>java.lang.AssertionError: expected [21.0] but found [22.0]
	at com.testexecution.java.CalcParellel1.div(CalcParellel1.java:59)
	at java.base/java.util.concurrent.ThreadPoolExecutor.runWorker(ThreadPoolExecutor.java:1128)
	at java.base/java.util.concurrent.ThreadPoolExecutor$Worker.run(ThreadPoolExecutor.java:628)
	at java.base/java.lang.Thread.run(Thread.java:830)
... Removed 16 stack frames</pre></div><a href='#' onClick='toggleBox("stack-trace1938338414", this, "Click to show all stack frames", "Click to hide stack frames")'>Click to show all stack frames</a>
<div class='stack-trace' id='stack-trace1938338414'><pre>java.lang.AssertionError: expected [21.0] but found [22.0]
	at org.testng.Assert.fail(Assert.java:97)
	at org.testng.Assert.failNotEquals(Assert.java:968)
	at org.testng.Assert.assertEquals(Assert.java:640)
	at org.testng.Assert.assertEquals(Assert.java:651)
	at com.testexecution.java.CalcParellel1.div(CalcParellel1.java:59)
	at java.base/jdk.internal.reflect.NativeMethodAccessorImpl.invoke0(Native Method)
	at java.base/jdk.internal.reflect.NativeMethodAccessorImpl.invoke(NativeMethodAccessorImpl.java:62)
	at java.base/jdk.internal.reflect.DelegatingMethodAccessorImpl.invoke(DelegatingMethodAccessorImpl.java:43)
	at java.base/java.lang.reflect.Method.invoke(Method.java:567)
	at org.testng.internal.MethodInvocationHelper.invokeMethod(MethodInvocationHelper.java:135)
	at org.testng.internal.TestInvoker.invokeMethod(TestInvoker.java:598)
	at org.testng.internal.TestInvoker.invokeTestMethod(TestInvoker.java:174)
	at org.testng.internal.MethodRunner.runInSequence(MethodRunner.java:46)
	at org.testng.internal.TestInvoker$MethodInvocationAgent.invoke(TestInvoker.java:821)
	at org.testng.internal.TestInvoker.invokeTestMethods(TestInvoker.java:147)
	at org.testng.internal.TestMethodWorker.invokeTestMethods(TestMethodWorker.java:146)
	at org.testng.internal.TestMethodWorker.run(TestMethodWorker.java:128)
	at java.base/java.util.concurrent.ThreadPoolExecutor.runWorker(ThreadPoolExecutor.java:1128)
	at java.base/java.util.concurrent.ThreadPoolExecutor$Worker.run(ThreadPoolExecutor.java:628)
	at java.base/java.lang.Thread.run(Thread.java:830)
</pre></div></td>
<td>0</td>
<td>com.testexecution.java.CalcParellel1@3c9d0b9d</td></tr>
<tr>
<td title='com.testexecution.java.CalcParellel2.invert()'><b>invert</b><br>Test class: com.testexecution.java.CalcParellel2<br/>
<a href="#Output-1642262997" onClick='toggleBox("Output-1642262997", this, "Show output", "Hide output");'>Show output</a>

<a href="#Output-1642262997" onClick="toggleAllBoxes();">Show all outputs</a>
<div class='log' id="Output-1642262997">
Invertion  Function executed  0.02<br/>
</div>
</td>
<td><div><pre>java.lang.AssertionError: expected [0.5] but found [0.02]
	at com.testexecution.java.CalcParellel2.invert(CalcParellel2.java:20)
	at java.base/java.util.concurrent.ThreadPoolExecutor.runWorker(ThreadPoolExecutor.java:1128)
	at java.base/java.util.concurrent.ThreadPoolExecutor$Worker.run(ThreadPoolExecutor.java:628)
	at java.base/java.lang.Thread.run(Thread.java:830)
... Removed 16 stack frames</pre></div><a href='#' onClick='toggleBox("stack-trace1642262997", this, "Click to show all stack frames", "Click to hide stack frames")'>Click to show all stack frames</a>
<div class='stack-trace' id='stack-trace1642262997'><pre>java.lang.AssertionError: expected [0.5] but found [0.02]
	at org.testng.Assert.fail(Assert.java:97)
	at org.testng.Assert.failNotEquals(Assert.java:968)
	at org.testng.Assert.assertEquals(Assert.java:640)
	at org.testng.Assert.assertEquals(Assert.java:651)
	at com.testexecution.java.CalcParellel2.invert(CalcParellel2.java:20)
	at java.base/jdk.internal.reflect.NativeMethodAccessorImpl.invoke0(Native Method)
	at java.base/jdk.internal.reflect.NativeMethodAccessorImpl.invoke(NativeMethodAccessorImpl.java:62)
	at java.base/jdk.internal.reflect.DelegatingMethodAccessorImpl.invoke(DelegatingMethodAccessorImpl.java:43)
	at java.base/java.lang.reflect.Method.invoke(Method.java:567)
	at org.testng.internal.MethodInvocationHelper.invokeMethod(MethodInvocationHelper.java:135)
	at org.testng.internal.TestInvoker.invokeMethod(TestInvoker.java:598)
	at org.testng.internal.TestInvoker.invokeTestMethod(TestInvoker.java:174)
	at org.testng.internal.MethodRunner.runInSequence(MethodRunner.java:46)
	at org.testng.internal.TestInvoker$MethodInvocationAgent.invoke(TestInvoker.java:821)
	at org.testng.internal.TestInvoker.invokeTestMethods(TestInvoker.java:147)
	at org.testng.internal.TestMethodWorker.invokeTestMethods(TestMethodWorker.java:146)
	at org.testng.internal.TestMethodWorker.run(TestMethodWorker.java:128)
	at java.base/java.util.concurrent.ThreadPoolExecutor.runWorker(ThreadPoolExecutor.java:1128)
	at java.base/java.util.concurrent.ThreadPoolExecutor$Worker.run(ThreadPoolExecutor.java:628)
	at java.base/java.lang.Thread.run(Thread.java:830)
</pre></div></td>
<td>0</td>
<td>com.testexecution.java.CalcParellel2@43301423</td></tr>
</table><p>
<table width='100%' border='1' class='invocation-passed'>
<tr><td colspan='4' align='center'><b>PASSED TESTS</b></td></tr>
<tr><td><b>Test method</b></td>
<td width="30%"><b>Exception</b></td>
<td width="10%"><b>Time (seconds)</b></td>
<td><b>Instance</b></td>
</tr>
<tr>
<td title='com.testexecution.java.CalcParellel1.Add()'><b>Add</b><br>Test class: com.testexecution.java.CalcParellel1<br/>
<a href="#Output-117606884" onClick='toggleBox("Output-117606884", this, "Show output", "Hide output");'>Show output</a>

<a href="#Output-117606884" onClick="toggleAllBoxes();">Show all outputs</a>
<div class='log' id="Output-117606884">
AdditionFunction executed  80<br/>
</div>
</td>
<td></td>
<td>0</td>
<td>com.testexecution.java.CalcParellel1@3c9d0b9d</td></tr>
<tr>
<td title='com.testexecution.java.CalcParellel1.Multiplication()'><b>Multiplication</b><br>Test class: com.testexecution.java.CalcParellel1<br/>
<a href="#Output-1107302240" onClick='toggleBox("Output-1107302240", this, "Show output", "Hide output");'>Show output</a>

<a href="#Output-1107302240" onClick="toggleAllBoxes();">Show all outputs</a>
<div class='log' id="Output-1107302240">
Multipication executed  20<br/>
</div>
</td>
<td></td>
<td>0</td>
<td>com.testexecution.java.CalcParellel1@3c9d0b9d</td></tr>
<tr>
<td title='com.testexecution.java.CalcParellel2.Negate()'><b>Negate</b><br>Test class: com.testexecution.java.CalcParellel2<br/>
<a href="#Output-1888713455" onClick='toggleBox("Output-1888713455", this, "Show output", "Hide output");'>Show output</a>

<a href="#Output-1888713455" onClick="toggleAllBoxes();">Show all outputs</a>
<div class='log' id="Output-1888713455">
Negate Function executed  -178.0<br/>
</div>
</td>
<td></td>
<td>0</td>
<td>com.testexecution.java.CalcParellel2@43301423</td></tr>
<tr>
<td title='com.testexecution.java.CalcParellel2.Powerof()'><b>Powerof</b><br>Test class: com.testexecution.java.CalcParellel2<br/>
<a href="#Output-814132560" onClick='toggleBox("Output-814132560", this, "Show output", "Hide output");'>Show output</a>

<a href="#Output-814132560" onClick="toggleAllBoxes();">Show all outputs</a>
<div class='log' id="Output-814132560">
Exponent Function executed  81.0<br/>
</div>
</td>
<td></td>
<td>0</td>
<td>com.testexecution.java.CalcParellel2@43301423</td></tr>
<tr>
<td title='com.testexecution.java.CalcParellel2.Powerof1()'><b>Powerof1</b><br>Test class: com.testexecution.java.CalcParellel2<br/>
<a href="#Output-137529239" onClick='toggleBox("Output-137529239", this, "Show output", "Hide output");'>Show output</a>

<a href="#Output-137529239" onClick="toggleAllBoxes();">Show all outputs</a>
<div class='log' id="Output-137529239">
Exponent Function executed  256.0<br/>
</div>
</td>
<td></td>
<td>0</td>
<td>com.testexecution.java.CalcParellel2@43301423</td></tr>
<tr>
<td title='com.testexecution.java.CalcParellel1.Sub()'><b>Sub</b><br>Test class: com.testexecution.java.CalcParellel1<br/>
<a href="#Output-406103030" onClick='toggleBox("Output-406103030", this, "Show output", "Hide output");'>Show output</a>

<a href="#Output-406103030" onClick="toggleAllBoxes();">Show all outputs</a>
<div class='log' id="Output-406103030">
Substraction Function executed  1<br/>
</div>
</td>
<td></td>
<td>0</td>
<td>com.testexecution.java.CalcParellel1@3c9d0b9d</td></tr>
</table><p>
</body>
</html>