<?xml version="1.0" encoding="UTF-8"?>
<!-- Generated by org.testng.reporters.JUnitXMLReporter -->
<testsuite ignored="0" hostname="Saipavan" failures="2" tests="8" name="TestNGParameterBased" time="0.23" errors="0" timestamp="2020-07-03T01:19:26 IST">
  <testcase classname="com.testexecution.java.CalculatortestNgparameter" name="Add" time="0.023"/>
  <testcase classname="com.testexecution.java.CalculatortestNgparameter" name="Modulus" time="0.007"/>
  <testcase classname="com.testexecution.java.CalculatortestNgparameter" name="Negate" time="0.01">
    <failure type="java.lang.AssertionError" message="expected [true] but found [false]">
      <![CDATA[java.lang.AssertionError: expected [true] but found [false]
at com.testexecution.java.CalculatortestNgparameter.Negate(CalculatortestNgparameter.java:112)
at java.base/java.util.ArrayList.forEach(ArrayList.java:1507)
... Removed 31 stack frames]]>
    </failure>
  </testcase> <!-- Negate -->
  <testcase classname="com.testexecution.java.CalculatortestNgparameter" name="Powerof" time="0.007"/>
  <testcase classname="com.testexecution.java.CalculatortestNgparameter" name="Powerof1" time="0.004">
    <failure type="java.lang.AssertionError" message="assert failed expected [true] but found [false]">
      <![CDATA[java.lang.AssertionError: assert failed expected [true] but found [false]
at com.testexecution.java.CalculatortestNgparameter.Powerof1(CalculatortestNgparameter.java:99)
at java.base/java.util.ArrayList.forEach(ArrayList.java:1507)
... Removed 30 stack frames]]>
    </failure>
  </testcase> <!-- Powerof1 -->
  <testcase classname="com.testexecution.java.CalculatortestNgparameter" name="Sub" time="0.005"/>
  <testcase classname="com.testexecution.java.CalculatortestNgparameter" name="division" time="0.008"/>
  <testcase classname="com.testexecution.java.CalculatortestNgparameter" name="invert" time="0.006"/>
</testsuite> <!-- TestNGParameterBased -->
