<!DOCTYPE html PUBLIC "-//W3C//DTD XHTML 1.1//EN" "https://www.w3.org/TR/xhtml11/DTD/xhtml11.dtd">
<html xmlns="https://www.w3.org/1999/xhtml">
<head>
<meta http-equiv="content-type" content="text/html; charset=UTF-8"/>
<title>TestNG Report</title>
<style type="text/css">table {margin-bottom:10px;border-collapse:collapse;empty-cells:show}th,td {border:1px solid #009;padding:.25em .5em}th {vertical-align:bottom}td {vertical-align:top}table a {font-weight:bold}.stripe td {background-color: #E6EBF9}.num {text-align:right}.passedodd td {background-color: #3F3}.passedeven td {background-color: #0A0}.skippedodd td {background-color: #DDD}.skippedeven td {background-color: #CCC}.failedodd td,.attn {background-color: #F33}.failedeven td,.stripe .attn {background-color: #D00}.stacktrace {white-space:pre;font-family:monospace}.totop {font-size:85%;text-align:center;border-bottom:2px solid #000}.invisible {display:none}</style>
</head>
<body>
<table>
<tr><th>Test</th><th># Passed</th><th># Skipped</th><th># Retried</th><th># Failed</th><th>Time (ms)</th><th>Included Groups</th><th>Excluded Groups</th></tr>
<tr><th colspan="8">Calculator</th></tr>
<tr><td><a href="#t0">ParameterAndIncludeGrp</a></td><td class="num">4</td><td class="num">0</td><td class="num">0</td><td class="num attn">2</td><td class="num">386</td><td>EARTH, MARS</td><td></td></tr>
<tr class="stripe"><td><a href="#t1">ParameterandExcludeGrp</a></td><td class="num">2</td><td class="num">0</td><td class="num">0</td><td class="num attn">1</td><td class="num">42</td><td></td><td>MARS, JUPITER</td></tr>
<tr><td><a href="#t2">ParameterandIncludeGrp_JUPITER</a></td><td class="num">2</td><td class="num">0</td><td class="num">0</td><td class="num attn">1</td><td class="num">43</td><td>JUPITER</td><td></td></tr>
<tr class="stripe"><td><a href="#t3">DataProviderBased</a></td><td class="num">12</td><td class="num">0</td><td class="num">0</td><td class="num attn">15</td><td class="num">479</td><td></td><td></td></tr>
<tr><td><a href="#t4">Assertionbased</a></td><td class="num">7</td><td class="num">0</td><td class="num">0</td><td class="num attn">2</td><td class="num">66</td><td></td><td></td></tr>
<tr class="stripe"><td><a href="#t5">ParellelExecution</a></td><td class="num">6</td><td class="num">0</td><td class="num">0</td><td class="num attn">3</td><td class="num">116</td><td></td><td></td></tr>
<tr><th>Total</th><th class="num">33</th><th class="num">0</th><th class="num">0</th><th class="num attn">24</th><th class="num">1,132</th><th colspan="2"></th></tr>
</table>
<table id='summary'><thead><tr><th>Class</th><th>Method</th><th>Start</th><th>Time (ms)</th></tr></thead><tbody><tr><th colspan="4">Calculator</th></tr></tbody><tbody id="t0"><tr><th colspan="4">ParameterAndIncludeGrp &#8212; failed</th></tr><tr class="failedeven"><td rowspan="2">com.testexecution.java.CalculatortestNgparameter</td><td><a href="#m0">Multiplication</a></td><td rowspan="1">1593728757460</td><td rowspan="1">7</td></tr><tr class="failedeven"><td><a href="#m1">Negate</a></td><td rowspan="1">1593728757494</td><td rowspan="1">19</td></tr><tr><th colspan="4">ParameterAndIncludeGrp &#8212; passed</th></tr><tr class="passedeven"><td rowspan="4">com.testexecution.java.CalculatortestNgparameter</td><td><a href="#m2">Add</a></td><td rowspan="1">1593728757364</td><td rowspan="1">54</td></tr><tr class="passedeven"><td><a href="#m3">Modulus</a></td><td rowspan="1">1593728757441</td><td rowspan="1">11</td></tr><tr class="passedeven"><td><a href="#m4">Powerof</a></td><td rowspan="1">1593728757531</td><td rowspan="1">10</td></tr><tr class="passedeven"><td><a href="#m5">Sub</a></td><td rowspan="1">1593728757562</td><td rowspan="1">9</td></tr></tbody>
<tbody id="t1"><tr><th colspan="4">ParameterandExcludeGrp &#8212; failed</th></tr><tr class="failedeven"><td rowspan="1">com.testexecution.java.CalculatortestNgparameter</td><td><a href="#m6">Negate</a></td><td rowspan="1">1593728758018</td><td rowspan="1">6</td></tr><tr><th colspan="4">ParameterandExcludeGrp &#8212; passed</th></tr><tr class="passedeven"><td rowspan="2">com.testexecution.java.CalculatortestNgparameter</td><td><a href="#m7">Modulus</a></td><td rowspan="1">1593728758009</td><td rowspan="1">3</td></tr><tr class="passedeven"><td><a href="#m8">Sub</a></td><td rowspan="1">1593728758032</td><td rowspan="1">7</td></tr></tbody>
<tbody id="t2"><tr><th colspan="4">ParameterandIncludeGrp_JUPITER &#8212; failed</th></tr><tr class="failedeven"><td rowspan="1">com.testexecution.java.CalculatortestNgparameter</td><td><a href="#m9">Powerof1</a></td><td rowspan="1">1593728758090</td><td rowspan="1">5</td></tr><tr><th colspan="4">ParameterandIncludeGrp_JUPITER &#8212; passed</th></tr><tr class="passedeven"><td rowspan="2">com.testexecution.java.CalculatortestNgparameter</td><td><a href="#m10">division</a></td><td rowspan="1">1593728758105</td><td rowspan="1">5</td></tr><tr class="passedeven"><td><a href="#m11">invert</a></td><td rowspan="1">1593728758115</td><td rowspan="1">4</td></tr></tbody>
<tbody id="t3"><tr><th colspan="4">DataProviderBased &#8212; failed</th></tr><tr class="failedeven"><td rowspan="15">com.testexecution.java.MathsDataprovider</td><td><a href="#m12">Add</a></td><td rowspan="3">1593728758242</td><td rowspan="3">6</td></tr><tr class="failedeven"><td><a href="#m13">Add</a></td></tr><tr class="failedeven"><td><a href="#m14">Add</a></td></tr><tr class="failedeven"><td><a href="#m15">Powerof</a></td><td rowspan="3">1593728758506</td><td rowspan="3">5</td></tr><tr class="failedeven"><td><a href="#m16">Powerof</a></td></tr><tr class="failedeven"><td><a href="#m17">Powerof</a></td></tr><tr class="failedeven"><td><a href="#m18">Sub</a></td><td rowspan="3">1593728758580</td><td rowspan="3">3</td></tr><tr class="failedeven"><td><a href="#m19">Sub</a></td></tr><tr class="failedeven"><td><a href="#m20">Sub</a></td></tr><tr class="failedeven"><td><a href="#m21">division</a></td><td rowspan="3">1593728758601</td><td rowspan="3">4</td></tr><tr class="failedeven"><td><a href="#m22">division</a></td></tr><tr class="failedeven"><td><a href="#m23">division</a></td></tr><tr class="failedeven"><td><a href="#m24">invert</a></td><td rowspan="3">1593728758611</td><td rowspan="3">3</td></tr><tr class="failedeven"><td><a href="#m25">invert</a></td></tr><tr class="failedeven"><td><a href="#m26">invert</a></td></tr><tr><th colspan="4">DataProviderBased &#8212; passed</th></tr><tr class="passedeven"><td rowspan="12">com.testexecution.java.MathsDataprovider</td><td><a href="#m27">Modulus</a></td><td rowspan="3">1593728758364</td><td rowspan="3">6</td></tr><tr class="passedeven"><td><a href="#m28">Modulus</a></td></tr><tr class="passedeven"><td><a href="#m29">Modulus</a></td></tr><tr class="passedeven"><td><a href="#m30">Multiplication</a></td><td rowspan="3">1593728758394</td><td rowspan="3">12</td></tr><tr class="passedeven"><td><a href="#m31">Multiplication</a></td></tr><tr class="passedeven"><td><a href="#m32">Multiplication</a></td></tr><tr class="passedeven"><td><a href="#m33">Negate</a></td><td rowspan="3">1593728758462</td><td rowspan="3">7</td></tr><tr class="passedeven"><td><a href="#m34">Negate</a></td></tr><tr class="passedeven"><td><a href="#m35">Negate</a></td></tr><tr class="passedeven"><td><a href="#m36">Powerof1</a></td><td rowspan="3">1593728758552</td><td rowspan="3">2</td></tr><tr class="passedeven"><td><a href="#m37">Powerof1</a></td></tr><tr class="passedeven"><td><a href="#m38">Powerof1</a></td></tr></tbody>
<tbody id="t4"><tr><th colspan="4">Assertionbased &#8212; failed</th></tr><tr class="failedeven"><td rowspan="2">com.testexecution.java.MathOpr</td><td><a href="#m39">Multiplication</a></td><td rowspan="1">1593728758835</td><td rowspan="1">3</td></tr><tr class="failedeven"><td><a href="#m40">Negate</a></td><td rowspan="1">1593728758842</td><td rowspan="1">3</td></tr><tr><th colspan="4">Assertionbased &#8212; passed</th></tr><tr class="passedeven"><td rowspan="7">com.testexecution.java.MathOpr</td><td><a href="#m41">Add</a></td><td rowspan="1">1593728758820</td><td rowspan="1">3</td></tr><tr class="passedeven"><td><a href="#m42">Modulus</a></td><td rowspan="1">1593728758829</td><td rowspan="1">3</td></tr><tr class="passedeven"><td><a href="#m43">Powerof</a></td><td rowspan="1">1593728758848</td><td rowspan="1">2</td></tr><tr class="passedeven"><td><a href="#m44">Powerof1</a></td><td rowspan="1">1593728758853</td><td rowspan="1">3</td></tr><tr class="passedeven"><td><a href="#m45">Sub</a></td><td rowspan="1">1593728758859</td><td rowspan="1">4</td></tr><tr class="passedeven"><td><a href="#m46">div</a></td><td rowspan="1">1593728758866</td><td rowspan="1">3</td></tr><tr class="passedeven"><td><a href="#m47">invert</a></td><td rowspan="1">1593728758873</td><td rowspan="1">3</td></tr></tbody>
<tbody id="t5"><tr><th colspan="4">ParellelExecution &#8212; failed</th></tr><tr class="failedeven"><td rowspan="1">com.testexecution.java.CalcParellel1</td><td><a href="#m48">div</a></td><td rowspan="1">1593728758990</td><td rowspan="1">3</td></tr><tr class="failedodd"><td rowspan="2">com.testexecution.java.CalcParellel2</td><td><a href="#m49">Modulus</a></td><td rowspan="1">1593728759000</td><td rowspan="1">2</td></tr><tr class="failedodd"><td><a href="#m50">invert</a></td><td rowspan="1">1593728759026</td><td rowspan="1">4</td></tr><tr><th colspan="4">ParellelExecution &#8212; passed</th></tr><tr class="passedeven"><td rowspan="3">com.testexecution.java.CalcParellel1</td><td><a href="#m51">Add</a></td><td rowspan="1">1593728758973</td><td rowspan="1">3</td></tr><tr class="passedeven"><td><a href="#m52">Multiplication</a></td><td rowspan="1">1593728758981</td><td rowspan="1">2</td></tr><tr class="passedeven"><td><a href="#m53">Sub</a></td><td rowspan="1">1593728758985</td><td rowspan="1">3</td></tr><tr class="passedodd"><td rowspan="3">com.testexecution.java.CalcParellel2</td><td><a href="#m54">Negate</a></td><td rowspan="1">1593728759007</td><td rowspan="1">5</td></tr><tr class="passedodd"><td><a href="#m55">Powerof</a></td><td rowspan="1">1593728759016</td><td rowspan="1">2</td></tr><tr class="passedodd"><td><a href="#m56">Powerof1</a></td><td rowspan="1">1593728759021</td><td rowspan="1">2</td></tr></tbody>
</table>
<h2>ParameterAndIncludeGrp</h2><h3 id="m0">com.testexecution.java.CalculatortestNgparameter#Multiplication</h3><table class="result"><tr class="param"><th>Parameter #1</th><th>Parameter #2</th></tr><tr class="param stripe"><td>2</td><td>9</td></tr><tr><th colspan="2">Messages</th></tr><tr><td colspan="2"><div class="messages">Multiplication Function executed  18</div></td></tr><tr><th colspan="2">Exception</th></tr><tr><td colspan="2"><div class="stacktrace">java.lang.AssertionError: expected [512] but found [18]
	at com.testexecution.java.CalculatortestNgparameter.Multiplication(CalculatortestNgparameter.java:105)
	at java.base/java.util.concurrent.ThreadPoolExecutor.runWorker(ThreadPoolExecutor.java:1128)
	at java.base/java.util.concurrent.ThreadPoolExecutor$Worker.run(ThreadPoolExecutor.java:628)
	at java.base/java.lang.Thread.run(Thread.java:830)
... Removed 17 stack frames</div></td></tr></table><p class="totop"><a href="#summary">back to summary</a></p>
<h3 id="m1">com.testexecution.java.CalculatortestNgparameter#Negate</h3><table class="result"><tr class="param"><th>Parameter #1</th></tr><tr class="param stripe"><td>40.0</td></tr><tr><th>Messages</th></tr><tr><td><div class="messages">Negat Function executed  -40.0</div></td></tr><tr><th>Exception</th></tr><tr><td><div class="stacktrace">java.lang.AssertionError: expected [true] but found [false]
	at com.testexecution.java.CalculatortestNgparameter.Negate(CalculatortestNgparameter.java:135)
	at java.base/java.util.concurrent.ThreadPoolExecutor.runWorker(ThreadPoolExecutor.java:1128)
	at java.base/java.util.concurrent.ThreadPoolExecutor$Worker.run(ThreadPoolExecutor.java:628)
	at java.base/java.lang.Thread.run(Thread.java:830)
... Removed 16 stack frames</div></td></tr></table><p class="totop"><a href="#summary">back to summary</a></p>
<h3 id="m2">com.testexecution.java.CalculatortestNgparameter#Add</h3><table class="result"><tr class="param"><th>Parameter #1</th><th>Parameter #2</th></tr><tr class="param stripe"><td>40</td><td>20</td></tr><tr><th colspan="2">Messages</th></tr><tr><td colspan="2"><div class="messages">Addition Function executed  60</div></td></tr></table><p class="totop"><a href="#summary">back to summary</a></p>
<h3 id="m3">com.testexecution.java.CalculatortestNgparameter#Modulus</h3><table class="result"><tr class="param"><th>Parameter #1</th><th>Parameter #2</th></tr><tr class="param stripe"><td>40</td><td>20</td></tr><tr><th colspan="2">Messages</th></tr><tr><td colspan="2"><div class="messages">Modulus Function executed  0</div></td></tr></table><p class="totop"><a href="#summary">back to summary</a></p>
<h3 id="m4">com.testexecution.java.CalculatortestNgparameter#Powerof</h3><table class="result"><tr class="param"><th>Parameter #1</th><th>Parameter #2</th></tr><tr class="param stripe"><td>2.0</td><td>9.0</td></tr><tr><th colspan="2">Messages</th></tr><tr><td colspan="2"><div class="messages">Power of  Function executed  512.0</div></td></tr></table><p class="totop"><a href="#summary">back to summary</a></p>
<h3 id="m5">com.testexecution.java.CalculatortestNgparameter#Sub</h3><table class="result"><tr class="param"><th>Parameter #1</th><th>Parameter #2</th></tr><tr class="param stripe"><td>40</td><td>20</td></tr><tr><th colspan="2">Messages</th></tr><tr><td colspan="2"><div class="messages">Substraction Function executed  20</div></td></tr></table><p class="totop"><a href="#summary">back to summary</a></p>
<h2>ParameterandExcludeGrp</h2><h3 id="m6">com.testexecution.java.CalculatortestNgparameter#Negate</h3><table class="result"><tr class="param"><th>Parameter #1</th></tr><tr class="param stripe"><td>40.0</td></tr><tr><th>Messages</th></tr><tr><td><div class="messages">Negat Function executed  -40.0</div></td></tr><tr><th>Exception</th></tr><tr><td><div class="stacktrace">java.lang.AssertionError: expected [true] but found [false]
	at com.testexecution.java.CalculatortestNgparameter.Negate(CalculatortestNgparameter.java:135)
	at java.base/java.util.concurrent.ThreadPoolExecutor.runWorker(ThreadPoolExecutor.java:1128)
	at java.base/java.util.concurrent.ThreadPoolExecutor$Worker.run(ThreadPoolExecutor.java:628)
	at java.base/java.lang.Thread.run(Thread.java:830)
... Removed 16 stack frames</div></td></tr></table><p class="totop"><a href="#summary">back to summary</a></p>
<h3 id="m7">com.testexecution.java.CalculatortestNgparameter#Modulus</h3><table class="result"><tr class="param"><th>Parameter #1</th><th>Parameter #2</th></tr><tr class="param stripe"><td>40</td><td>20</td></tr><tr><th colspan="2">Messages</th></tr><tr><td colspan="2"><div class="messages">Modulus Function executed  0</div></td></tr></table><p class="totop"><a href="#summary">back to summary</a></p>
<h3 id="m8">com.testexecution.java.CalculatortestNgparameter#Sub</h3><table class="result"><tr class="param"><th>Parameter #1</th><th>Parameter #2</th></tr><tr class="param stripe"><td>40</td><td>20</td></tr><tr><th colspan="2">Messages</th></tr><tr><td colspan="2"><div class="messages">Substraction Function executed  20</div></td></tr></table><p class="totop"><a href="#summary">back to summary</a></p>
<h2>ParameterandIncludeGrp_JUPITER</h2><h3 id="m9">com.testexecution.java.CalculatortestNgparameter#Powerof1</h3><table class="result"><tr class="param"><th>Parameter #1</th><th>Parameter #2</th></tr><tr class="param stripe"><td>2.0</td><td>9.0</td></tr><tr><th colspan="2">Messages</th></tr><tr><td colspan="2"><div class="messages">Power Function executed  512.0</div></td></tr><tr><th colspan="2">Exception</th></tr><tr><td colspan="2"><div class="stacktrace">java.lang.AssertionError: expected [false] but found [true]
	at com.testexecution.java.CalculatortestNgparameter.Powerof1(CalculatortestNgparameter.java:121)
	at java.base/java.util.concurrent.ThreadPoolExecutor.runWorker(ThreadPoolExecutor.java:1128)
	at java.base/java.util.concurrent.ThreadPoolExecutor$Worker.run(ThreadPoolExecutor.java:628)
	at java.base/java.lang.Thread.run(Thread.java:830)
... Removed 16 stack frames</div></td></tr></table><p class="totop"><a href="#summary">back to summary</a></p>
<h3 id="m10">com.testexecution.java.CalculatortestNgparameter#division</h3><table class="result"><tr class="param"><th>Parameter #1</th><th>Parameter #2</th></tr><tr class="param stripe"><td>40.0</td><td>20.0</td></tr><tr><th colspan="2">Messages</th></tr><tr><td colspan="2"><div class="messages">Division Function executed  2.0</div></td></tr></table><p class="totop"><a href="#summary">back to summary</a></p>
<h3 id="m11">com.testexecution.java.CalculatortestNgparameter#invert</h3><table class="result"><tr class="param"><th>Parameter #1</th></tr><tr class="param stripe"><td>40.0</td></tr><tr><th>Messages</th></tr><tr><td><div class="messages">Inverse Function executed  0.025</div></td></tr></table><p class="totop"><a href="#summary">back to summary</a></p>
<h2>DataProviderBased</h2><h3 id="m12">com.testexecution.java.MathsDataprovider#Add</h3><table class="result"><tr class="param"><th>Parameter #1</th><th>Parameter #2</th></tr><tr class="param stripe"><td>90</td><td>10</td></tr><tr><th colspan="2">Messages</th></tr><tr><td colspan="2"><div class="messages">TestNG_ReportsAndLogs -> Add100</div></td></tr><tr><th colspan="2">Exception</th></tr><tr><td colspan="2"><div class="stacktrace">java.lang.AssertionError: expected [60] but found [100]
	at com.testexecution.java.MathsDataprovider.Add(MathsDataprovider.java:19)
	at java.base/java.util.concurrent.ThreadPoolExecutor.runWorker(ThreadPoolExecutor.java:1128)
	at java.base/java.util.concurrent.ThreadPoolExecutor$Worker.run(ThreadPoolExecutor.java:628)
	at java.base/java.lang.Thread.run(Thread.java:830)
... Removed 17 stack frames</div></td></tr></table><p class="totop"><a href="#summary">back to summary</a></p>
<h3 id="m13">com.testexecution.java.MathsDataprovider#Add</h3><table class="result"><tr class="param"><th>Parameter #1</th><th>Parameter #2</th></tr><tr class="param stripe"><td>8</td><td>2</td></tr><tr><th colspan="2">Messages</th></tr><tr><td colspan="2"><div class="messages">TestNG_ReportsAndLogs -> Add10</div></td></tr><tr><th colspan="2">Exception</th></tr><tr><td colspan="2"><div class="stacktrace">java.lang.AssertionError: expected [60] but found [10]
	at com.testexecution.java.MathsDataprovider.Add(MathsDataprovider.java:19)
	at java.base/java.util.concurrent.ThreadPoolExecutor.runWorker(ThreadPoolExecutor.java:1128)
	at java.base/java.util.concurrent.ThreadPoolExecutor$Worker.run(ThreadPoolExecutor.java:628)
	at java.base/java.lang.Thread.run(Thread.java:830)
... Removed 17 stack frames</div></td></tr></table><p class="totop"><a href="#summary">back to summary</a></p>
<h3 id="m14">com.testexecution.java.MathsDataprovider#Add</h3><table class="result"><tr class="param"><th>Parameter #1</th><th>Parameter #2</th></tr><tr class="param stripe"><td>4</td><td>2</td></tr><tr><th colspan="2">Messages</th></tr><tr><td colspan="2"><div class="messages">TestNG_ReportsAndLogs -> Add6</div></td></tr><tr><th colspan="2">Exception</th></tr><tr><td colspan="2"><div class="stacktrace">java.lang.AssertionError: expected [60] but found [6]
	at com.testexecution.java.MathsDataprovider.Add(MathsDataprovider.java:19)
	at java.base/java.util.concurrent.ThreadPoolExecutor.runWorker(ThreadPoolExecutor.java:1128)
	at java.base/java.util.concurrent.ThreadPoolExecutor$Worker.run(ThreadPoolExecutor.java:628)
	at java.base/java.lang.Thread.run(Thread.java:830)
... Removed 17 stack frames</div></td></tr></table><p class="totop"><a href="#summary">back to summary</a></p>
<h3 id="m15">com.testexecution.java.MathsDataprovider#Powerof</h3><table class="result"><tr class="param"><th>Parameter #1</th><th>Parameter #2</th></tr><tr class="param stripe"><td>4</td><td>2</td></tr><tr><th colspan="2">Messages</th></tr><tr><td colspan="2"><div class="messages">Power of  Function executed16.0</div></td></tr><tr><th colspan="2">Exception</th></tr><tr><td colspan="2"><div class="stacktrace">java.lang.AssertionError: expected [true] but found [false]
	at com.testexecution.java.MathsDataprovider.Powerof(MathsDataprovider.java:91)
	at java.base/java.util.concurrent.ThreadPoolExecutor.runWorker(ThreadPoolExecutor.java:1128)
	at java.base/java.util.concurrent.ThreadPoolExecutor$Worker.run(ThreadPoolExecutor.java:628)
	at java.base/java.lang.Thread.run(Thread.java:830)
... Removed 16 stack frames</div></td></tr></table><p class="totop"><a href="#summary">back to summary</a></p>
<h3 id="m16">com.testexecution.java.MathsDataprovider#Powerof</h3><table class="result"><tr class="param"><th>Parameter #1</th><th>Parameter #2</th></tr><tr class="param stripe"><td>8</td><td>2</td></tr><tr><th colspan="2">Messages</th></tr><tr><td colspan="2"><div class="messages">Power of  Function executed64.0</div></td></tr><tr><th colspan="2">Exception</th></tr><tr><td colspan="2"><div class="stacktrace">java.lang.AssertionError: expected [true] but found [false]
	at com.testexecution.java.MathsDataprovider.Powerof(MathsDataprovider.java:91)
	at java.base/java.util.concurrent.ThreadPoolExecutor.runWorker(ThreadPoolExecutor.java:1128)
	at java.base/java.util.concurrent.ThreadPoolExecutor$Worker.run(ThreadPoolExecutor.java:628)
	at java.base/java.lang.Thread.run(Thread.java:830)
... Removed 16 stack frames</div></td></tr></table><p class="totop"><a href="#summary">back to summary</a></p>
<h3 id="m17">com.testexecution.java.MathsDataprovider#Powerof</h3><table class="result"><tr class="param"><th>Parameter #1</th><th>Parameter #2</th></tr><tr class="param stripe"><td>90</td><td>10</td></tr><tr><th colspan="2">Messages</th></tr><tr><td colspan="2"><div class="messages">Power of  Function executed3.486784401E19</div></td></tr><tr><th colspan="2">Exception</th></tr><tr><td colspan="2"><div class="stacktrace">java.lang.AssertionError: expected [true] but found [false]
	at com.testexecution.java.MathsDataprovider.Powerof(MathsDataprovider.java:91)
	at java.base/java.util.concurrent.ThreadPoolExecutor.runWorker(ThreadPoolExecutor.java:1128)
	at java.base/java.util.concurrent.ThreadPoolExecutor$Worker.run(ThreadPoolExecutor.java:628)
	at java.base/java.lang.Thread.run(Thread.java:830)
... Removed 16 stack frames</div></td></tr></table><p class="totop"><a href="#summary">back to summary</a></p>
<h3 id="m18">com.testexecution.java.MathsDataprovider#Sub</h3><table class="result"><tr class="param"><th>Parameter #1</th><th>Parameter #2</th></tr><tr class="param stripe"><td>90</td><td>10</td></tr><tr><th colspan="2">Messages</th></tr><tr><td colspan="2"><div class="messages">Substraction Function executed80</div></td></tr><tr><th colspan="2">Exception</th></tr><tr><td colspan="2"><div class="stacktrace">java.lang.AssertionError: expected [60] but found [80]
	at com.testexecution.java.MathsDataprovider.Sub(MathsDataprovider.java:31)
	at java.base/java.util.concurrent.ThreadPoolExecutor.runWorker(ThreadPoolExecutor.java:1128)
	at java.base/java.util.concurrent.ThreadPoolExecutor$Worker.run(ThreadPoolExecutor.java:628)
	at java.base/java.lang.Thread.run(Thread.java:830)
... Removed 17 stack frames</div></td></tr></table><p class="totop"><a href="#summary">back to summary</a></p>
<h3 id="m19">com.testexecution.java.MathsDataprovider#Sub</h3><table class="result"><tr class="param"><th>Parameter #1</th><th>Parameter #2</th></tr><tr class="param stripe"><td>8</td><td>2</td></tr><tr><th colspan="2">Messages</th></tr><tr><td colspan="2"><div class="messages">Substraction Function executed6</div></td></tr><tr><th colspan="2">Exception</th></tr><tr><td colspan="2"><div class="stacktrace">java.lang.AssertionError: expected [60] but found [6]
	at com.testexecution.java.MathsDataprovider.Sub(MathsDataprovider.java:31)
	at java.base/java.util.concurrent.ThreadPoolExecutor.runWorker(ThreadPoolExecutor.java:1128)
	at java.base/java.util.concurrent.ThreadPoolExecutor$Worker.run(ThreadPoolExecutor.java:628)
	at java.base/java.lang.Thread.run(Thread.java:830)
... Removed 17 stack frames</div></td></tr></table><p class="totop"><a href="#summary">back to summary</a></p>
<h3 id="m20">com.testexecution.java.MathsDataprovider#Sub</h3><table class="result"><tr class="param"><th>Parameter #1</th><th>Parameter #2</th></tr><tr class="param stripe"><td>4</td><td>2</td></tr><tr><th colspan="2">Messages</th></tr><tr><td colspan="2"><div class="messages">Substraction Function executed2</div></td></tr><tr><th colspan="2">Exception</th></tr><tr><td colspan="2"><div class="stacktrace">java.lang.AssertionError: expected [60] but found [2]
	at com.testexecution.java.MathsDataprovider.Sub(MathsDataprovider.java:31)
	at java.base/java.util.concurrent.ThreadPoolExecutor.runWorker(ThreadPoolExecutor.java:1128)
	at java.base/java.util.concurrent.ThreadPoolExecutor$Worker.run(ThreadPoolExecutor.java:628)
	at java.base/java.lang.Thread.run(Thread.java:830)
... Removed 17 stack frames</div></td></tr></table><p class="totop"><a href="#summary">back to summary</a></p>
<h3 id="m21">com.testexecution.java.MathsDataprovider#division</h3><table class="result"><tr class="param"><th>Parameter #1</th><th>Parameter #2</th></tr><tr class="param stripe"><td>90</td><td>10</td></tr><tr><th colspan="2">Messages</th></tr><tr><td colspan="2"><div class="messages">Division Function executed9.0</div></td></tr><tr><th colspan="2">Exception</th></tr><tr><td colspan="2"><div class="stacktrace">java.lang.AssertionError: expected [22.0] but found [9.0]
	at com.testexecution.java.MathsDataprovider.division(MathsDataprovider.java:54)
	at java.base/java.util.concurrent.ThreadPoolExecutor.runWorker(ThreadPoolExecutor.java:1128)
	at java.base/java.util.concurrent.ThreadPoolExecutor$Worker.run(ThreadPoolExecutor.java:628)
	at java.base/java.lang.Thread.run(Thread.java:830)
... Removed 16 stack frames</div></td></tr></table><p class="totop"><a href="#summary">back to summary</a></p>
<h3 id="m22">com.testexecution.java.MathsDataprovider#division</h3><table class="result"><tr class="param"><th>Parameter #1</th><th>Parameter #2</th></tr><tr class="param stripe"><td>8</td><td>2</td></tr><tr><th colspan="2">Messages</th></tr><tr><td colspan="2"><div class="messages">Division Function executed4.0</div></td></tr><tr><th colspan="2">Exception</th></tr><tr><td colspan="2"><div class="stacktrace">java.lang.AssertionError: expected [22.0] but found [4.0]
	at com.testexecution.java.MathsDataprovider.division(MathsDataprovider.java:54)
	at java.base/java.util.concurrent.ThreadPoolExecutor.runWorker(ThreadPoolExecutor.java:1128)
	at java.base/java.util.concurrent.ThreadPoolExecutor$Worker.run(ThreadPoolExecutor.java:628)
	at java.base/java.lang.Thread.run(Thread.java:830)
... Removed 16 stack frames</div></td></tr></table><p class="totop"><a href="#summary">back to summary</a></p>
<h3 id="m23">com.testexecution.java.MathsDataprovider#division</h3><table class="result"><tr class="param"><th>Parameter #1</th><th>Parameter #2</th></tr><tr class="param stripe"><td>4</td><td>2</td></tr><tr><th colspan="2">Messages</th></tr><tr><td colspan="2"><div class="messages">Division Function executed2.0</div></td></tr><tr><th colspan="2">Exception</th></tr><tr><td colspan="2"><div class="stacktrace">java.lang.AssertionError: expected [22.0] but found [2.0]
	at com.testexecution.java.MathsDataprovider.division(MathsDataprovider.java:54)
	at java.base/java.util.concurrent.ThreadPoolExecutor.runWorker(ThreadPoolExecutor.java:1128)
	at java.base/java.util.concurrent.ThreadPoolExecutor$Worker.run(ThreadPoolExecutor.java:628)
	at java.base/java.lang.Thread.run(Thread.java:830)
... Removed 16 stack frames</div></td></tr></table><p class="totop"><a href="#summary">back to summary</a></p>
<h3 id="m24">com.testexecution.java.MathsDataprovider#invert</h3><table class="result"><tr class="param"><th>Parameter #1</th></tr><tr class="param stripe"><td>4</td></tr><tr><th>Messages</th></tr><tr><td><div class="messages">Inverse Function executed0.25</div></td></tr><tr><th>Exception</th></tr><tr><td><div class="stacktrace">java.lang.AssertionError: expected [0.99] but found [0.25]
	at com.testexecution.java.MathsDataprovider.invert(MathsDataprovider.java:67)
	at java.base/java.util.concurrent.ThreadPoolExecutor.runWorker(ThreadPoolExecutor.java:1128)
	at java.base/java.util.concurrent.ThreadPoolExecutor$Worker.run(ThreadPoolExecutor.java:628)
	at java.base/java.lang.Thread.run(Thread.java:830)
... Removed 16 stack frames</div></td></tr></table><p class="totop"><a href="#summary">back to summary</a></p>
<h3 id="m25">com.testexecution.java.MathsDataprovider#invert</h3><table class="result"><tr class="param"><th>Parameter #1</th></tr><tr class="param stripe"><td>50</td></tr><tr><th>Messages</th></tr><tr><td><div class="messages">Inverse Function executed0.02</div></td></tr><tr><th>Exception</th></tr><tr><td><div class="stacktrace">java.lang.AssertionError: expected [0.99] but found [0.02]
	at com.testexecution.java.MathsDataprovider.invert(MathsDataprovider.java:67)
	at java.base/java.util.concurrent.ThreadPoolExecutor.runWorker(ThreadPoolExecutor.java:1128)
	at java.base/java.util.concurrent.ThreadPoolExecutor$Worker.run(ThreadPoolExecutor.java:628)
	at java.base/java.lang.Thread.run(Thread.java:830)
... Removed 16 stack frames</div></td></tr></table><p class="totop"><a href="#summary">back to summary</a></p>
<h3 id="m26">com.testexecution.java.MathsDataprovider#invert</h3><table class="result"><tr class="param"><th>Parameter #1</th></tr><tr class="param stripe"><td>25</td></tr><tr><th>Messages</th></tr><tr><td><div class="messages">Inverse Function executed0.04</div></td></tr><tr><th>Exception</th></tr><tr><td><div class="stacktrace">java.lang.AssertionError: expected [0.99] but found [0.04]
	at com.testexecution.java.MathsDataprovider.invert(MathsDataprovider.java:67)
	at java.base/java.util.concurrent.ThreadPoolExecutor.runWorker(ThreadPoolExecutor.java:1128)
	at java.base/java.util.concurrent.ThreadPoolExecutor$Worker.run(ThreadPoolExecutor.java:628)
	at java.base/java.lang.Thread.run(Thread.java:830)
... Removed 16 stack frames</div></td></tr></table><p class="totop"><a href="#summary">back to summary</a></p>
<h3 id="m27">com.testexecution.java.MathsDataprovider#Modulus</h3><table class="result"><tr class="param"><th>Parameter #1</th><th>Parameter #2</th></tr><tr class="param stripe"><td>90</td><td>10</td></tr><tr><th colspan="2">Messages</th></tr><tr><td colspan="2"><div class="messages">Modulus Function executed0</div></td></tr></table><p class="totop"><a href="#summary">back to summary</a></p>
<h3 id="m28">com.testexecution.java.MathsDataprovider#Modulus</h3><table class="result"><tr class="param"><th>Parameter #1</th><th>Parameter #2</th></tr><tr class="param stripe"><td>8</td><td>2</td></tr><tr><th colspan="2">Messages</th></tr><tr><td colspan="2"><div class="messages">Modulus Function executed0</div></td></tr></table><p class="totop"><a href="#summary">back to summary</a></p>
<h3 id="m29">com.testexecution.java.MathsDataprovider#Modulus</h3><table class="result"><tr class="param"><th>Parameter #1</th><th>Parameter #2</th></tr><tr class="param stripe"><td>4</td><td>2</td></tr><tr><th colspan="2">Messages</th></tr><tr><td colspan="2"><div class="messages">Modulus Function executed0</div></td></tr></table><p class="totop"><a href="#summary">back to summary</a></p>
<h3 id="m30">com.testexecution.java.MathsDataprovider#Multiplication</h3><table class="result"><tr class="param"><th>Parameter #1</th><th>Parameter #2</th></tr><tr class="param stripe"><td>4</td><td>2</td></tr><tr><th colspan="2">Messages</th></tr><tr><td colspan="2"><div class="messages">Multiplication Function executed8</div></td></tr></table><p class="totop"><a href="#summary">back to summary</a></p>
<h3 id="m31">com.testexecution.java.MathsDataprovider#Multiplication</h3><table class="result"><tr class="param"><th>Parameter #1</th><th>Parameter #2</th></tr><tr class="param stripe"><td>90</td><td>10</td></tr><tr><th colspan="2">Messages</th></tr><tr><td colspan="2"><div class="messages">Multiplication Function executed900</div></td></tr></table><p class="totop"><a href="#summary">back to summary</a></p>
<h3 id="m32">com.testexecution.java.MathsDataprovider#Multiplication</h3><table class="result"><tr class="param"><th>Parameter #1</th><th>Parameter #2</th></tr><tr class="param stripe"><td>8</td><td>2</td></tr><tr><th colspan="2">Messages</th></tr><tr><td colspan="2"><div class="messages">Multiplication Function executed16</div></td></tr></table><p class="totop"><a href="#summary">back to summary</a></p>
<h3 id="m33">com.testexecution.java.MathsDataprovider#Negate</h3><table class="result"><tr class="param"><th>Parameter #1</th></tr><tr class="param stripe"><td>4</td></tr><tr><th>Messages</th></tr><tr><td><div class="messages">Negat Function executed-4.0</div></td></tr></table><p class="totop"><a href="#summary">back to summary</a></p>
<h3 id="m34">com.testexecution.java.MathsDataprovider#Negate</h3><table class="result"><tr class="param"><th>Parameter #1</th></tr><tr class="param stripe"><td>25</td></tr><tr><th>Messages</th></tr><tr><td><div class="messages">Negat Function executed-25.0</div></td></tr></table><p class="totop"><a href="#summary">back to summary</a></p>
<h3 id="m35">com.testexecution.java.MathsDataprovider#Negate</h3><table class="result"><tr class="param"><th>Parameter #1</th></tr><tr class="param stripe"><td>50</td></tr><tr><th>Messages</th></tr><tr><td><div class="messages">Negat Function executed-50.0</div></td></tr></table><p class="totop"><a href="#summary">back to summary</a></p>
<h3 id="m36">com.testexecution.java.MathsDataprovider#Powerof1</h3><table class="result"><tr class="param"><th>Parameter #1</th><th>Parameter #2</th></tr><tr class="param stripe"><td>90</td><td>10</td></tr><tr><th colspan="2">Messages</th></tr><tr><td colspan="2"><div class="messages">Power Function executed3.486784401E19</div></td></tr></table><p class="totop"><a href="#summary">back to summary</a></p>
<h3 id="m37">com.testexecution.java.MathsDataprovider#Powerof1</h3><table class="result"><tr class="param"><th>Parameter #1</th><th>Parameter #2</th></tr><tr class="param stripe"><td>4</td><td>2</td></tr><tr><th colspan="2">Messages</th></tr><tr><td colspan="2"><div class="messages">Power Function executed16.0</div></td></tr></table><p class="totop"><a href="#summary">back to summary</a></p>
<h3 id="m38">com.testexecution.java.MathsDataprovider#Powerof1</h3><table class="result"><tr class="param"><th>Parameter #1</th><th>Parameter #2</th></tr><tr class="param stripe"><td>8</td><td>2</td></tr><tr><th colspan="2">Messages</th></tr><tr><td colspan="2"><div class="messages">Power Function executed64.0</div></td></tr></table><p class="totop"><a href="#summary">back to summary</a></p>
<h2>Assertionbased</h2><h3 id="m39">com.testexecution.java.MathOpr#Multiplication</h3><table class="result"><tr><th>Messages</th></tr><tr><td><div class="messages">Multiplication Function executed  20</div></td></tr><tr><th>Exception</th></tr><tr><td><div class="stacktrace">java.lang.AssertionError: expected [512] but found [20]
	at com.testexecution.java.MathOpr.Multiplication(MathOpr.java:35)
	at java.base/java.util.concurrent.ThreadPoolExecutor.runWorker(ThreadPoolExecutor.java:1128)
	at java.base/java.util.concurrent.ThreadPoolExecutor$Worker.run(ThreadPoolExecutor.java:628)
	at java.base/java.lang.Thread.run(Thread.java:830)
... Removed 17 stack frames</div></td></tr></table><p class="totop"><a href="#summary">back to summary</a></p>
<h3 id="m40">com.testexecution.java.MathOpr#Negate</h3><table class="result"><tr><th>Messages</th></tr><tr><td><div class="messages">negat Function executed  -178.0</div></td></tr><tr><th>Exception</th></tr><tr><td><div class="stacktrace">java.lang.AssertionError: expected [false] but found [true]
	at com.testexecution.java.MathOpr.Negate(MathOpr.java:123)
	at java.base/java.util.concurrent.ThreadPoolExecutor.runWorker(ThreadPoolExecutor.java:1128)
	at java.base/java.util.concurrent.ThreadPoolExecutor$Worker.run(ThreadPoolExecutor.java:628)
	at java.base/java.lang.Thread.run(Thread.java:830)
... Removed 16 stack frames</div></td></tr></table><p class="totop"><a href="#summary">back to summary</a></p>
<h3 id="m41">com.testexecution.java.MathOpr#Add</h3><table class="result"><tr><th>Messages</th></tr><tr><td><div class="messages">TestNG_ReportsAndLogs -> Add60</div></td></tr></table><p class="totop"><a href="#summary">back to summary</a></p>
<h3 id="m42">com.testexecution.java.MathOpr#Modulus</h3><table class="result"><tr><th>Messages</th></tr><tr><td><div class="messages">Modulus Function executed  3</div></td></tr></table><p class="totop"><a href="#summary">back to summary</a></p>
<h3 id="m43">com.testexecution.java.MathOpr#Powerof</h3><table class="result"><tr><th>Messages</th></tr><tr><td><div class="messages">Power of  Function executed  81.0</div></td></tr></table><p class="totop"><a href="#summary">back to summary</a></p>
<h3 id="m44">com.testexecution.java.MathOpr#Powerof1</h3><table class="result"><tr><th>Messages</th></tr><tr><td><div class="messages">Power Function executed  256.0</div></td></tr></table><p class="totop"><a href="#summary">back to summary</a></p>
<h3 id="m45">com.testexecution.java.MathOpr#Sub</h3><table class="result"><tr><th>Messages</th></tr><tr><td><div class="messages">Substraction Function executed  1</div></td></tr></table><p class="totop"><a href="#summary">back to summary</a></p>
<h3 id="m46">com.testexecution.java.MathOpr#div</h3><table class="result"><tr><th>Messages</th></tr><tr><td><div class="messages">Division Function executed  22.0</div></td></tr></table><p class="totop"><a href="#summary">back to summary</a></p>
<h3 id="m47">com.testexecution.java.MathOpr#invert</h3><table class="result"><tr><th>Messages</th></tr><tr><td><div class="messages">Inverse Function executed  0.00641025641025641</div></td></tr></table><p class="totop"><a href="#summary">back to summary</a></p>
<h2>ParellelExecution</h2><h3 id="m48">com.testexecution.java.CalcParellel1#div</h3><table class="result"><tr><th>Messages</th></tr><tr><td><div class="messages">Division Function executed  22.0</div></td></tr><tr><th>Exception</th></tr><tr><td><div class="stacktrace">java.lang.AssertionError: expected [21.0] but found [22.0]
	at com.testexecution.java.CalcParellel1.div(CalcParellel1.java:59)
	at java.base/java.util.concurrent.ThreadPoolExecutor.runWorker(ThreadPoolExecutor.java:1128)
	at java.base/java.util.concurrent.ThreadPoolExecutor$Worker.run(ThreadPoolExecutor.java:628)
	at java.base/java.lang.Thread.run(Thread.java:830)
... Removed 16 stack frames</div></td></tr></table><p class="totop"><a href="#summary">back to summary</a></p>
<h3 id="m49">com.testexecution.java.CalcParellel2#Modulus</h3><table class="result"><tr><th>Messages</th></tr><tr><td><div class="messages">Modulus  Function executed  3</div></td></tr><tr><th>Exception</th></tr><tr><td><div class="stacktrace">java.lang.AssertionError: did not expect [3] but found [3]
	at com.testexecution.java.CalcParellel2.Modulus(CalcParellel2.java:32)
	at java.base/java.util.concurrent.ThreadPoolExecutor.runWorker(ThreadPoolExecutor.java:1128)
	at java.base/java.util.concurrent.ThreadPoolExecutor$Worker.run(ThreadPoolExecutor.java:628)
	at java.base/java.lang.Thread.run(Thread.java:830)
... Removed 15 stack frames</div></td></tr></table><p class="totop"><a href="#summary">back to summary</a></p>
<h3 id="m50">com.testexecution.java.CalcParellel2#invert</h3><table class="result"><tr><th>Messages</th></tr><tr><td><div class="messages">Invertion  Function executed  0.02</div></td></tr><tr><th>Exception</th></tr><tr><td><div class="stacktrace">java.lang.AssertionError: expected [0.5] but found [0.02]
	at com.testexecution.java.CalcParellel2.invert(CalcParellel2.java:20)
	at java.base/java.util.concurrent.ThreadPoolExecutor.runWorker(ThreadPoolExecutor.java:1128)
	at java.base/java.util.concurrent.ThreadPoolExecutor$Worker.run(ThreadPoolExecutor.java:628)
	at java.base/java.lang.Thread.run(Thread.java:830)
... Removed 16 stack frames</div></td></tr></table><p class="totop"><a href="#summary">back to summary</a></p>
<h3 id="m51">com.testexecution.java.CalcParellel1#Add</h3><table class="result"><tr><th>Messages</th></tr><tr><td><div class="messages">AdditionFunction executed  80</div></td></tr></table><p class="totop"><a href="#summary">back to summary</a></p>
<h3 id="m52">com.testexecution.java.CalcParellel1#Multiplication</h3><table class="result"><tr><th>Messages</th></tr><tr><td><div class="messages">Multipication executed  20</div></td></tr></table><p class="totop"><a href="#summary">back to summary</a></p>
<h3 id="m53">com.testexecution.java.CalcParellel1#Sub</h3><table class="result"><tr><th>Messages</th></tr><tr><td><div class="messages">Substraction Function executed  1</div></td></tr></table><p class="totop"><a href="#summary">back to summary</a></p>
<h3 id="m54">com.testexecution.java.CalcParellel2#Negate</h3><table class="result"><tr><th>Messages</th></tr><tr><td><div class="messages">Negate Function executed  -178.0</div></td></tr></table><p class="totop"><a href="#summary">back to summary</a></p>
<h3 id="m55">com.testexecution.java.CalcParellel2#Powerof</h3><table class="result"><tr><th>Messages</th></tr><tr><td><div class="messages">Exponent Function executed  81.0</div></td></tr></table><p class="totop"><a href="#summary">back to summary</a></p>
<h3 id="m56">com.testexecution.java.CalcParellel2#Powerof1</h3><table class="result"><tr><th>Messages</th></tr><tr><td><div class="messages">Exponent Function executed  256.0</div></td></tr></table><p class="totop"><a href="#summary">back to summary</a></p>
</body>
</html>
